Grocery Item 'ice cream' added to store 'Walmart' on 06-11-2026
Grocery Item 'milk' added to store 'Walmart' on 06-11-2026
Grocery Item 'brocolli' added to store 'Walmart' on 06-11-2026
Grocery Item 'tea' added to store 'General' on 06-11-2026
Grocery Item 'cottage cheese' added to store 'Trader Joes' on 06-11-2026
Grocery Item 'trader joes' added to store 'General' on 06-11-2026
Store 'Trader Joes' shopped on 06-11-2026
Store 'Walmart' shopped on 06-11-2026
Grocery Item 'samosas' added to store 'Trader Joes' on 06-11-2026
Store 'Trader Joes' shopped on 06-11-2026
Grocery Item 'sleeveless shirts' added to store 'Amazon' on 06-11-2026
Grocery Item 'matching mugs' added to store 'Amazon' on 06-11-2026
Grocery Item 'dinnerware set' added to store 'Costco' on 06-11-2026
Grocery Item 'essential oil' added to store 'Amazon' on 06-15-2026
Grocery Item 'essential oil' added to store 'Walmart' on 06-15-2026
Grocery Item 'trash can for my bedroom' added to store 'Amazon' on 06-15-2026
Grocery Item 'chicken breast' added to store 'Costco' on 06-15-2026
Grocery Item 'coffees' added to store 'Trader Joes' on 06-15-2026
Grocery Item 'coffees' added to store 'Trader Joes' on 06-15-2026
Grocery Item 'trash can' added to store 'Amazon' on 06-16-2026
Grocery Item 'grape juice' added to store 'Costco' on 06-16-2026
Grocery Item 'eggs' added to store 'Costco' on 06-16-2026
Grocery Item 'frozen chicken and salmon' added to store 'Costco' on 06-16-2026
Grocery Item 'seltzer' added to store 'Costco' on 06-16-2026
Grocery Item 'body pillow' added to store 'Costco' on 06-16-2026
Grocery Item 'usb-c to magsafe 3 cable' added to store 'Amazon' on 06-16-2026
Grocery Item 'dinners' added to store 'Trader Joes' on 06-16-2026
Grocery Item 'pizza' added to store 'Trader Joes' on 06-16-2026
Grocery Item 'cookies for ice cream' added to store 'Trader Joes' on 06-16-2026
Grocery Item 'wine' added to store 'Trader Joes' on 06-16-2026
Grocery Item 'wine' added to store 'Walmart' on 06-16-2026
Grocery Item 'small tension rod' added to store 'Walmart' on 06-16-2026
Grocery Item 'licorice' added to store 'Trader Joes' on 06-16-2026
Grocery Item 'caesar dressing' added to store 'Walmart' on 06-16-2026
Grocery Item 'lettuce' added to store 'Walmart' on 06-16-2026
Grocery Item 'trash can' added to store 'General' on 06-16-2026
Grocery Item 'small tension rod' added to store 'General' on 06-16-2026
Shopped small tension rod at Walmart on 06-16-2026
Shopped matching mugs at Amazon on 06-16-2026
Shopped essential oil at Amazon on 06-16-2026
Shopped usb-c to magsafe 3 cable at Amazon on 06-16-2026
Shopped trash can for my bedroom at Amazon on 06-16-2026
Grocery Item 'costco' added to store 'General' on 06-18-2026
Grocery Item 'bug stuff' added to store 'General' on 06-18-2026
Grocery Item 'w+' added to store 'General' on 06-18-2026
Grocery Item 'sourdough bread' added to store 'Trader Joes' on 06-18-2026
Grocery Item 'tjs' added to store 'General' on 06-18-2026
Grocery Item 'muffins or upstairs morning bfast item' added to store 'General' on 06-22-2026
Grocery Item 'w+' added to store 'General' on 06-22-2026
Grocery Item 'milk?' added to store 'General' on 06-22-2026
Grocery Item 'w+' added to store 'General' on 06-22-2026
Grocery Item 'mac keyboard and touchpad' added to store 'General' on 06-22-2026
Grocery Item 'amazon' added to store 'General' on 06-22-2026
Grocery Item 'mac keyboard and touchpad' added to store 'Amazon' on 06-22-2026
Grocery Item 'milk?' added to store 'Walmart' on 06-22-2026
Grocery Item 'muffins or upstairs morning bfast item' added to store 'Walmart' on 06-22-2026
Store 'Walmart' shopped on 06-22-2026
Grocery Item 'eggs' added to store 'Costco' on 06-22-2026
Grocery Item 'small tension rod for hallway' added to store 'Walmart' on 06-22-2026
Grocery Item 'muffins or mornign breakfast item upstairs' added to store 'Walmart' on 06-22-2026
Grocery Item 'bug stuff' added to store 'General' on 06-22-2026
Grocery Item 'white chalk paint' added to store 'Amazon' on 06-22-2026
Grocery Item 'mini fridge' added to store 'thrift' on 06-22-2026
Grocery Item 'mini fridge' added to store 'amazpm' on 06-22-2026
Grocery Item 'mini fridge' added to store 'Amazon' on 06-22-2026
Grocery Item 'potatoes and green beans' added to store 'Walmart' on 06-22-2026
Grocery Item 'butter' added to store 'Walmart' on 06-22-2026
Grocery Item 'minifridge' added to store 'fb' on 06-22-2026
Grocery Item 'SELL KEYBOARD' added to store 'fb' on 06-22-2026
Grocery Item 'office chair' added to store 'fb' on 06-22-2026
Grocery Item 'apple watch' added to store 'fb' on 06-22-2026
Grocery Item 'phone stand charger' added to store 'Amazon' on 06-22-2026
Store 'Walmart' shopped on 06-22-2026
Grocery Item 'general' added to store 'General' on 06-23-2026
Store 'fb' shopped on 06-23-2026
Grocery Item 'aldi natick' added to store 'General' on 06-23-2026
Store 'fb' shopped on 06-23-2026
Grocery Item 'w+' added to store 'General' on 06-23-2026
Grocery Item 'w+' added to store 'General' on 06-23-2026
Store 'Job Lot' shopped on 06-23-2026
Store 'Job Lot' shopped on 06-23-2026
Grocery Item 'more licrice' added to store 'Trader Joes' on 06-23-2026
Grocery Item 'lettuce' added to store 'Trader Joes' on 06-23-2026
Grocery Item 'cukes' added to store 'Trader Joes' on 06-23-2026
Grocery Item 'feta' added to store 'Trader Joes' on 06-23-2026
Grocery Item 'samosas' added to store 'Trader Joes' on 06-23-2026
Grocery Item 'chicken soup dumplings?' added to store 'Trader Joes' on 06-23-2026
Grocery Item 'dark chocolate' added to store 'Trader Joes' on 06-23-2026
Grocery Item 'spicy snacks and fruit snacks' added to store 'Trader Joes' on 06-23-2026
Grocery Item 'coffees' added to store 'Trader Joes' on 06-23-2026
Grocery Item 'pastries or other snack for with tea in morning' added to store 'Trader Joes' on 06-23-2026
Grocery Item 'cottage cheese' added to store 'Trader Joes' on 06-23-2026
Grocery Item 'fruit' added to store 'Trader Joes' on 06-23-2026
Grocery Item 'small tampons' added to store 'Walmart' on 06-24-2026
Grocery Item 'small tampons' added to store 'General' on 06-24-2026
Grocery Item 'amazo' added to store 'General' on 06-24-2026
Grocery Item 'small tampons' added to store 'General' on 06-24-2026
Grocery Item 'amazon' added to store 'General' on 06-24-2026
Grocery Item 'wood stirrers' added to store 'Amazon' on 06-24-2026
Grocery Item 'fake plant' added to store 'ikea' on 06-24-2026
Grocery Item 'home office shrine' added to store 'ikea' on 06-24-2026
Store 'Job Lot' shopped on 06-24-2026
Grocery Item 'floor office mat' added to store 'ikea' on 06-24-2026
Grocery Item 'floor office mat' added to store 'staples' on 06-24-2026
Grocery Item 'staples' added to store 'General' on 06-24-2026
Store 'staples' shopped on 06-24-2026
Store 'Walmart' shopped on 06-24-2026
Grocery Item 'command strips clear' added to store 'Walmart' on 06-24-2026
Grocery Item 'command strips clear' added to store 'Amazon' on 06-24-2026
Grocery Item 'metal bowls' added to store 'Job Lot' on 06-26-2026
Grocery Item 'glue' added to store 'Walmart' on 07-01-2026
Grocery Item 'glue' added to store 'Amazon' on 07-01-2026
Grocery Item 'glue' added to store 'general' on 07-01-2026
Grocery Item 'sausage' added to store 'Trader Joes' on 07-01-2026
Grocery Item 'or' added to store 'Trader Joes' on 07-01-2026
Grocery Item 'breakfast' added to store 'General' on 07-01-2026
Grocery Item 'items' added to store 'Trader Joes' on 07-01-2026
Grocery Item 'strong fridge magnets' added to store 'Walmart' on 07-01-2026
Grocery Item 'strong fridge magnets' added to store 'Amazon' on 07-01-2026
Grocery Item 'return pouf?' added to store 'Costco' on 07-02-2026
Grocery Item 'return paint' added to store 'Amazon' on 07-02-2026
Store 'ALDI' shopped on 07-02-2026
Grocery Item 'fully cooked bacon' added to store 'ALDI' on 07-02-2026
Grocery Item 'paper bowls' added to store 'ALDI' on 07-02-2026
Grocery Item 'magnets' added to store 'Amazon' on 07-02-2026
Grocery Item 'bras 44G' added to store 'Target' on 07-03-2026
Grocery Item 'laungerie?' added to store 'Target' on 07-03-2026
Store 'Walmart' shopped on 07-03-2026
Store 'Amazon' shopped on 07-03-2026
Grocery Item 'mac keyboard/touchpad' added to store 'Amazon' on 07-03-2026
Grocery Item 'return paint' added to store 'Amazon' on 07-03-2026
Grocery Item 'chili powder' added to store 'general' on 07-03-2026
Grocery Item 'chili powder' added to store 'Amazon' on 07-03-2026
Grocery Item 'chili powder' added to store 'Walmart' on 07-03-2026
Grocery Item 'chili powder' added to store 'Job Lot' on 07-03-2026
Grocery Item 'chili powder' added to store 'Costco' on 07-03-2026
Grocery Item 'razors' added to store 'Amazon' on 07-03-2026
Grocery Item 'fly killer' added to store 'Amazon' on 07-03-2026
Grocery Item 'fly zapper' added to store 'Walmart' on 07-03-2026
Grocery Item 'glasses' added to store 'general' on 07-04-2026
Grocery Item 'mini moos' added to store 'Amazon' on 07-04-2026
Grocery Item 'mini moos' added to store 'Walmart' on 07-04-2026
Grocery Item 'milk' added to store 'grocery' on 07-04-2026
Grocery Item 'mini moos' added to store 'online' on 07-04-2026
Grocery Item 'milk' added to store 'produce' on 07-04-2026
Grocery Item 'adhsahdsjahd' added to store 'General' on 07-04-2026
Grocery Item 'babe' added to store 'Walmart' on 07-04-2026
Grocery Item 'baby baby' added to store 'Walmart' on 07-04-2026
Grocery Item 'baby boobs' added to store 'Walmart' on 07-04-2026
Grocery Item 'milk' added to store 'produce' on 07-04-2026
Grocery Item 'brocolli' added to store 'Walmart' on 07-04-2026
Grocery Item 'brocolli' added to store 'Amazon' on 07-04-2026
Grocery Item 'brocolli' added to store 'ALDI' on 07-04-2026
Grocery Item 'frogs' added to store 'Job Lot' on 07-04-2026
Grocery Item 'brocolli' added to store 'ALDI' on 07-04-2026
Grocery Item 'frogs' added to store 'Job Lot' on 07-04-2026
Grocery Item 'extension chord' added to store 'thrift' on 07-04-2026
Grocery Item 'hand sanitizer' added to store 'grocery' on 07-04-2026
Grocery Item 'shelf stable milks' added to store 'online' on 07-04-2026
Grocery Item 'hand sanitizer' added to store 'grocery' on 07-04-2026
Grocery Item 'rubbing alcohol' added to store 'grocery' on 07-04-2026
Grocery Item 'small mirror' added to store 'online' on 07-04-2026
Grocery Item 'baking soda' added to store 'grocery' on 07-04-2026
Grocery Item 'vinegar' added to store 'grocery' on 07-04-2026
Grocery Item 'cleaning vinegar' added to store 'grocery' on 07-04-2026
Grocery Item 'red curry paste' added to store 'grocery' on 07-04-2026
Grocery Item 'balsamic vinegar' added to store 'Trader Joes' on 07-04-2026
Grocery Item 'small mirror' added to store 'General' on 07-04-2026
Grocery Item 'online' added to store 'General' on 07-04-2026
Grocery Item 'small mirror' added to store 'online' on 07-04-2026
Grocery Item 'general' added to store 'General' on 07-04-2026
Grocery Item 'General' added to store 'General' on 07-04-2026
Grocery Item 'General' added to store 'General' on 07-04-2026
Grocery Item 'amazon' added to store 'General' on 07-04-2026
Grocery Item 'amazon' added to store 'General' on 07-04-2026
Grocery Item 'tjs' added to store 'General' on 07-04-2026
Grocery Item 'oreo ice cream' added to store 'Walmart' on 07-04-2026
